2014-04-29 20:49:46.266 ChowApp[48606:80b] Multi-tasking -> Device: YES, App: YES
2014-04-29 20:49:46.272 ChowApp[48606:80b] Unlimited access to network resources
2014-04-29 20:49:46.346 ChowApp[48606:80b] Resetting plugins due to page load.
2014-04-29 20:49:47.710 ChowApp[48606:80b] Finished load of: file:///Users/Jake/Library/Application%20Support/iPhone%20Simulator/7.0.3/Applications/8289FD83-90EA-4079-A391-901719B62323/ChowApp.app/www/index.html#/
Terminating in response to SpringBoard's termination.
2014-04-29 21:15:40.395 ChowApp[81559:80b] Multi-tasking -> Device: YES, App: YES
2014-04-29 21:15:40.402 ChowApp[81559:80b] Unlimited access to network resources
2014-04-29 21:15:40.516 ChowApp[81559:80b] Resetting plugins due to page load.
2014-04-29 21:15:41.836 ChowApp[81559:80b] Finished load of: file:///Users/Jake/Library/Application%20Support/iPhone%20Simulator/7.0.3/Applications/8289FD83-90EA-4079-A391-901719B62323/ChowApp.app/www/index.html#/
Terminating in response to SpringBoard's termination.
2014-04-29 21:33:08.711 ChowApp[3578:80b] Multi-tasking -> Device: YES, App: YES
2014-04-29 21:33:08.717 ChowApp[3578:80b] Unlimited access to network resources
2014-04-29 21:33:08.828 ChowApp[3578:80b] Resetting plugins due to page load.
2014-04-29 21:33:14.416 ChowApp[3578:80b] Finished load of: file:///Users/Jake/Library/Application%20Support/iPhone%20Simulator/7.0.3/Applications/8289FD83-90EA-4079-A391-901719B62323/ChowApp.app/www/index.html#/
Terminating in response to SpringBoard's termination.
2014-04-29 21:49:54.851 ChowApp[36194:80b] Multi-tasking -> Device: YES, App: YES
2014-04-29 21:49:54.858 ChowApp[36194:80b] Unlimited access to network resources
2014-04-29 21:49:55.016 ChowApp[36194:80b] Resetting plugins due to page load.
2014-04-29 21:50:01.303 ChowApp[36194:80b] Finished load of: file:///Users/Jake/Library/Application%20Support/iPhone%20Simulator/7.0.3/Applications/8289FD83-90EA-4079-A391-901719B62323/ChowApp.app/www/index.html#/
2014-04-29 21:54:17.570 ChowApp[57853:80b] Multi-tasking -> Device: YES, App: YES
2014-04-29 21:54:17.576 ChowApp[57853:80b] Unlimited access to network resources
2014-04-29 21:54:17.717 ChowApp[57853:80b] Resetting plugins due to page load.
2014-04-29 21:54:18.951 ChowApp[57853:80b] Finished load of: file:///Users/Jake/Library/Application%20Support/iPhone%20Simulator/7.0.3/Applications/8289FD83-90EA-4079-A391-901719B62323/ChowApp.app/www/index.html#/
2014-05-01 20:30:06.614 ChowApp[81007:80b] Multi-tasking -> Device: YES, App: YES
2014-05-01 20:30:06.640 ChowApp[81007:80b] Unlimited access to network resources
2014-05-01 20:30:06.951 ChowApp[81007:80b] Resetting plugins due to page load.
2014-05-01 20:30:13.796 ChowApp[81007:80b] Finished load of: file:///Users/Jake/Library/Application%20Support/iPhone%20Simulator/7.0.3/Applications/8289FD83-90EA-4079-A391-901719B62323/ChowApp.app/www/index.html#/
